Flutter crash report.
Please report a bug at https://github.com/flutter/flutter/issues.

## command

flutter build web

## exception

FileSystemException: FileSystemException: Failed to decode data using encoding 'utf-8', path = 'C:\Users\USER\Desktop\Nakato voice\android\local.properties'

```
#0      _File._tryDecode (dart:io/file_impl.dart:708:7)
#1      _File.readAsStringSync (dart:io/file_impl.dart:719:7)
#2      ForwardingFile.readAsStringSync (package:file/src/forwarding/forwarding_file.dart:99:16)
#3      ErrorHandlingFile.readAsStringSync.<anonymous closure> (package:flutter_tools/src/base/error_handling_io.dart:212:22)
#4      _runSync (package:flutter_tools/src/base/error_handling_io.dart:552:14)
#5      ErrorHandlingFile.readAsStringSync (package:flutter_tools/src/base/error_handling_io.dart:211:12)
#6      new SettingsFile.parseFromFile (package:flutter_tools/src/base/utils.dart:186:59)
#7      updateLocalProperties (package:flutter_tools/src/android/gradle_utils.dart:1046:29)
#8      AndroidProject.ensureReadyForPlatformSpecificTooling (package:flutter_tools/src/project.dart:840:12)
#9      FlutterProject.ensureReadyForPlatformSpecificTooling (package:flutter_tools/src/project.dart:378:21)
<asynchronous suspension>
#10     FlutterCommand.regeneratePlatformSpecificToolingIfApplicable (package:flutter_tools/src/runner/flutter_command.dart:1936:5)
<asynchronous suspension>
#11     FlutterCommand.verifyThenRunCommand (package:flutter_tools/src/runner/flutter_command.dart:1892:7)
<asynchronous suspension>
#12     FlutterCommand.run.<anonymous closure> (package:flutter_tools/src/runner/flutter_command.dart:1581:27)
<asynchronous suspension>
#13     AppContext.run.<anonymous closure> (package:flutter_tools/src/base/context.dart:154:19)
<asynchronous suspension>
#14     CommandRunner.runCommand (package:args/command_runner.dart:212:13)
<asynchronous suspension>
#15     FlutterCommandRunner.runCommand.<anonymous closure> (package:flutter_tools/src/runner/flutter_command_runner.dart:503:9)
<asynchronous suspension>
#16     AppContext.run.<anonymous closure> (package:flutter_tools/src/base/context.dart:154:19)
<asynchronous suspension>
#17     FlutterCommandRunner.runCommand (package:flutter_tools/src/runner/flutter_command_runner.dart:438:5)
<asynchronous suspension>
#18     run.<anonymous closure>.<anonymous closure> (package:flutter_tools/runner.dart:98:11)
<asynchronous suspension>
#19     AppContext.run.<anonymous closure> (package:flutter_tools/src/base/context.dart:154:19)
<asynchronous suspension>
#20     main (package:flutter_tools/executable.dart:101:3)
<asynchronous suspension>
```

## flutter doctor

```
[33m[!][39m Flutter (Channel stable, 3.35.1, on
    Microsoft Windows [Version
    10.0.26100.4946], locale en-US) [210ms]
    [32m•[39m Flutter version 3.35.1 on channel
      stable at C:\Flutter
    [33m![39m The flutter binary is not on your
      path. Consider adding C:\Flutter\bin
      to your path.
    [33m![39m The dart binary is not on your path.
      Consider adding C:\Flutter\bin to your
      path.
    [32m•[39m Upstream repository
      https://github.com/flutter/flutter.git
    [32m•[39m Framework revision 20f8274939 (3 days
      ago), 2025-08-14 10:53:09 -0700
    [32m•[39m Engine revision 1e9a811bf8
    [32m•[39m Dart version 3.9.0
    [32m•[39m DevTools version 2.48.0
    [32m•[39m Feature flags: enable-web,
      enable-linux-desktop,
      enable-macos-desktop,
      enable-windows-desktop,
      enable-android, enable-ios,
      cli-animations, enable-lldb-debugging
    [32m•[39m If those were intentional, you can
      disregard the above warnings; however
      it is recommended to use "git"
      directly to perform update checks and
      upgrades.

[32m[✓][39m Windows Version (11 Pro 64-bit, 24H2,
    2009) [754ms]

[31m[✗][39m Android toolchain - develop for Android
    devices [26ms]
    [31m✗[39m Unable to locate Android SDK.
      Install Android Studio from:
      https://developer.android.com/studio/i
      ndex.html
      On first launch it will assist you in
      installing the Android SDK components.
      (or visit
      https://flutter.dev/to/windows-android
      -setup for detailed instructions).
      If the Android SDK has been installed
      to a custom location, please use
      `flutter config --android-sdk` to
      update to that location.


[32m[✓][39m Chrome - develop for the web [10ms]
    [32m•[39m Chrome at C:\Program
      Files\Google\Chrome\Application\chrome
      .exe

[31m[✗][39m Visual Studio - develop Windows apps
    [9ms]
    [31m✗[39m Visual Studio not installed; this is
      necessary to develop Windows apps.
      Download at
      https://visualstudio.microsoft.com/dow
      nloads/.
      Please install the "Desktop
      development with C++" workload,
      including all of its default
      components

[33m[!][39m Android Studio (not installed) [7ms]
    [32m•[39m Android Studio not found; download
      from
      https://developer.android.com/studio/i
      ndex.html
      (or visit
      https://flutter.dev/to/windows-android
      -setup for detailed instructions).

[32m[✓][39m VS Code (version 1.103.1) [6ms]
    [32m•[39m VS Code at
      C:\Users\USER\AppData\Local\Programs\M
      icrosoft VS Code
    [32m•[39m Flutter extension can be installed
      from:
      🔨
      https://marketplace.visualstudio.com/i
      tems?itemName=Dart-Code.flutter

[32m[✓][39m Connected device (3 available) [93ms]
    [32m•[39m Windows (desktop) • windows •
      windows-x64    • Microsoft Windows
      [Version 10.0.26100.4946]
    [32m•[39m Chrome (web)      • chrome  •
      web-javascript • Google Chrome
      139.0.7258.128
    [32m•[39m Edge (web)        • edge    •
      web-javascript • Microsoft Edge
      139.0.3405.86

[32m[✓][39m Network resources [951ms]
    [32m•[39m All expected network resources are
      available.

[33m![39m Doctor found issues in 4 categories.
```
